16-08-2017 16:41:18 INFO  ContextLoader:285 - Root WebApplicationContext: initialization started
16-08-2017 16:41:18 DEBUG StandardServletEnvironment:109 - Adding [servletConfigInitParams] PropertySource with lowest search precedence
16-08-2017 16:41:18 DEBUG StandardServletEnvironment:109 - Adding [servletContextInitParams] PropertySource with lowest search precedence
16-08-2017 16:41:18 DEBUG StandardServletEnvironment:109 - Adding [jndiProperties] PropertySource with lowest search precedence
16-08-2017 16:41:18 DEBUG StandardServletEnvironment:109 - Adding [systemProperties] PropertySource with lowest search precedence
16-08-2017 16:41:18 DEBUG StandardServletEnvironment:109 - Adding [systemEnvironment] PropertySource with lowest search precedence
16-08-2017 16:41:18 DEBUG StandardServletEnvironment:126 - Initialized StandardServletEnvironment with PropertySources [servletConfigInitParams,servletContextInitParams,jndiProperties,systemProperties,systemEnvironment]
16-08-2017 16:41:18 DEBUG StandardServletEnvironment:174 - Replacing [servletContextInitParams] PropertySource with [servletContextInitParams]
16-08-2017 16:41:18 INFO  XmlWebApplicationContext:510 - Refreshing Root WebApplicationContext: startup date [Wed Aug 16 16:41:18 CEST 2017]; root of context hierarchy
16-08-2017 16:41:18 DEBUG StandardEnvironment:109 - Adding [systemProperties] PropertySource with lowest search precedence
16-08-2017 16:41:18 DEBUG StandardEnvironment:109 - Adding [systemEnvironment] PropertySource with lowest search precedence
16-08-2017 16:41:18 DEBUG StandardEnvironment:126 - Initialized StandardEnvironment with PropertySources [systemProperties,systemEnvironment]
16-08-2017 16:41:18 INFO  XmlBeanDefinitionReader:317 - Loading XML bean definitions from ServletContext resource [/WEB-INF/spring-servlet.xml]
16-08-2017 16:41:18 DEBUG DefaultDocumentLoader:73 - Using JAXP provider [com.sun.org.apache.xerces.internal.jaxp.DocumentBuilderFactoryImpl]
16-08-2017 16:41:18 DEBUG PluggableSchemaResolver:141 - Loading schema mappings from [META-INF/spring.schemas]
16-08-2017 16:41:18 DEBUG PluggableSchemaResolver:147 - Loaded schema mappings: {http://www.springframework.org/schema/tx/spring-tx-2.5.xsd=org/springframework/transaction/config/spring-tx-2.5.xsd, http://www.springframework.org/schema/aop/spring-aop-4.1.xsd=org/springframework/aop/config/spring-aop-4.1.xsd, http://www.springframework.org/schema/context/spring-context-3.1.xsd=org/springframework/context/config/spring-context-3.1.xsd, http://www.springframework.org/schema/jdbc/spring-jdbc-4.1.xsd=org/springframework/jdbc/config/spring-jdbc-4.1.xsd, http://www.springframework.org/schema/util/spring-util-3.0.xsd=org/springframework/beans/factory/xml/spring-util-3.0.xsd, http://www.springframework.org/schema/mvc/spring-mvc-4.1.xsd=org/springframework/web/servlet/config/spring-mvc-4.1.xsd, http://www.springframework.org/schema/tool/spring-tool.xsd=org/springframework/beans/factory/xml/spring-tool-4.1.xsd, http://www.springframework.org/schema/aop/spring-aop-3.2.xsd=org/springframework/aop/config/spring-aop-3.2.xsd, http://www.springframework.org/schema/lang/spring-lang-4.1.xsd=org/springframework/scripting/config/spring-lang-4.1.xsd, http://www.springframework.org/schema/context/spring-context-4.0.xsd=org/springframework/context/config/spring-context-4.0.xsd, http://www.springframework.org/schema/mvc/spring-mvc-3.2.xsd=org/springframework/web/servlet/config/spring-mvc-3.2.xsd, http://www.springframework.org/schema/tool/spring-tool-4.1.xsd=org/springframework/beans/factory/xml/spring-tool-4.1.xsd, http://www.springframework.org/schema/lang/spring-lang-3.2.xsd=org/springframework/scripting/config/spring-lang-3.2.xsd, http://www.springframework.org/schema/cache/spring-cache-3.2.xsd=org/springframework/cache/config/spring-cache-3.2.xsd, http://www.springframework.org/schema/jee/spring-jee-4.1.xsd=org/springframework/ejb/config/spring-jee-4.1.xsd, http://www.springframework.org/schema/jdbc/spring-jdbc-3.1.xsd=org/springframework/jdbc/config/spring-jdbc-3.1.xsd, http://www.springframework.org/schema/util/spring-util-2.0.xsd=org/springframework/beans/factory/xml/spring-util-2.0.xsd, http://www.springframework.org/schema/tool/spring-tool-3.2.xsd=org/springframework/beans/factory/xml/spring-tool-3.2.xsd, http://www.springframework.org/schema/context/spring-context.xsd=org/springframework/context/config/spring-context-4.1.xsd, http://www.springframework.org/schema/cache/spring-cache-4.1.xsd=org/springframework/cache/config/spring-cache-4.1.xsd, http://www.springframework.org/schema/aop/spring-aop-4.0.xsd=org/springframework/aop/config/spring-aop-4.0.xsd, http://www.springframework.org/schema/jee/spring-jee-3.2.xsd=org/springframework/ejb/config/spring-jee-3.2.xsd, http://www.springframework.org/schema/context/spring-context-3.0.xsd=org/springframework/context/config/spring-context-3.0.xsd, http://www.springframework.org/schema/jdbc/spring-jdbc-4.0.xsd=org/springframework/jdbc/config/spring-jdbc-4.0.xsd, http://www.springframework.org/schema/util/spring-util-2.5.xsd=org/springframework/beans/factory/xml/spring-util-2.5.xsd, http://www.springframework.org/schema/mvc/spring-mvc-4.0.xsd=org/springframework/web/servlet/config/spring-mvc-4.0.xsd, http://www.springframework.org/schema/beans/spring-beans-3.2.xsd=org/springframework/beans/factory/xml/spring-beans-3.2.xsd, http://www.springframework.org/schema/aop/spring-aop-3.1.xsd=org/springframework/aop/config/spring-aop-3.1.xsd, http://www.springframework.org/schema/lang/spring-lang-4.0.xsd=org/springframework/scripting/config/spring-lang-4.0.xsd, http://www.springframework.org/schema/mvc/spring-mvc.xsd=org/springframework/web/servlet/config/spring-mvc-4.1.xsd, http://www.springframework.org/schema/mvc/spring-mvc-3.1.xsd=org/springframework/web/servlet/config/spring-mvc-3.1.xsd, http://www.springframework.org/schema/beans/spring-beans-4.1.xsd=org/springframework/beans/factory/xml/spring-beans-4.1.xsd, http://www.springframework.org/schema/tool/spring-tool-4.0.xsd=org/springframework/beans/factory/xml/spring-tool-4.0.xsd, http://www.springframework.org/schema/tx/spring-tx-3.2.xsd=org/springframework/transaction/config/spring-tx-3.2.xsd, http://www.springframework.org/schema/lang/spring-lang-3.1.xsd=org/springframework/scripting/config/spring-lang-3.1.xsd, http://www.springframework.org/schema/cache/spring-cache-3.1.xsd=org/springframework/cache/config/spring-cache-3.1.xsd, http://www.springframework.org/schema/jee/spring-jee-4.0.xsd=org/springframework/ejb/config/spring-jee-4.0.xsd, http://www.springframework.org/schema/jdbc/spring-jdbc-3.0.xsd=org/springframework/jdbc/config/spring-jdbc-3.0.xsd, http://www.springframework.org/schema/task/spring-task-4.1.xsd=org/springframework/scheduling/config/spring-task-4.1.xsd, http://www.springframework.org/schema/jdbc/spring-jdbc.xsd=org/springframework/jdbc/config/spring-jdbc-4.1.xsd, http://www.springframework.org/schema/tool/spring-tool-3.1.xsd=org/springframework/beans/factory/xml/spring-tool-3.1.xsd, http://www.springframework.org/schema/tx/spring-tx-4.1.xsd=org/springframework/transaction/config/spring-tx-4.1.xsd, http://www.springframework.org/schema/cache/spring-cache-4.0.xsd=org/springframework/cache/config/spring-cache-4.0.xsd, http://www.springframework.org/schema/jee/spring-jee-3.1.xsd=org/springframework/ejb/config/spring-jee-3.1.xsd, http://www.springframework.org/schema/task/spring-task-3.2.xsd=org/springframework/scheduling/config/spring-task-3.2.xsd, http://www.springframework.org/schema/beans/spring-beans-3.1.xsd=org/springframework/beans/factory/xml/spring-beans-3.1.xsd, http://www.springframework.org/schema/util/spring-util.xsd=org/springframework/beans/factory/xml/spring-util-4.1.xsd, http://www.springframework.org/schema/aop/spring-aop-3.0.xsd=org/springframework/aop/config/spring-aop-3.0.xsd, http://www.springframework.org/schema/mvc/spring-mvc-3.0.xsd=org/springframework/web/servlet/config/spring-mvc-3.0.xsd, http://www.springframework.org/schema/beans/spring-beans-4.0.xsd=org/springframework/beans/factory/xml/spring-beans-4.0.xsd, http://www.springframework.org/schema/beans/spring-beans.xsd=org/springframework/beans/factory/xml/spring-beans-4.1.xsd, http://www.springframework.org/schema/tx/spring-tx-3.1.xsd=org/springframework/transaction/config/spring-tx-3.1.xsd, http://www.springframework.org/schema/lang/spring-lang-3.0.xsd=org/springframework/scripting/config/spring-lang-3.0.xsd, http://www.springframework.org/schema/context/spring-context-2.5.xsd=org/springframework/context/config/spring-context-2.5.xsd, http://www.springframework.org/schema/task/spring-task-4.0.xsd=org/springframework/scheduling/config/spring-task-4.0.xsd, http://www.springframework.org/schema/tool/spring-tool-3.0.xsd=org/springframework/beans/factory/xml/spring-tool-3.0.xsd, http://www.springframework.org/schema/tx/spring-tx-4.0.xsd=org/springframework/transaction/config/spring-tx-4.0.xsd, http://www.springframework.org/schema/aop/spring-aop-2.0.xsd=org/springframework/aop/config/spring-aop-2.0.xsd, http://www.springframework.org/schema/jee/spring-jee-3.0.xsd=org/springframework/ejb/config/spring-jee-3.0.xsd, http://www.springframework.org/schema/util/spring-util-4.1.xsd=org/springframework/beans/factory/xml/spring-util-4.1.xsd, http://www.springframework.org/schema/task/spring-task-3.1.xsd=org/springframework/scheduling/config/spring-task-3.1.xsd, http://www.springframework.org/schema/beans/spring-beans-3.0.xsd=org/springframework/beans/factory/xml/spring-beans-3.0.xsd, http://www.springframework.org/schema/jee/spring-jee.xsd=org/springframework/ejb/config/spring-jee-4.1.xsd, http://www.springframework.org/schema/aop/spring-aop-2.5.xsd=org/springframework/aop/config/spring-aop-2.5.xsd, http://www.springframework.org/schema/lang/spring-lang-2.0.xsd=org/springframework/scripting/config/spring-lang-2.0.xsd, http://www.springframework.org/schema/util/spring-util-3.2.xsd=org/springframework/beans/factory/xml/spring-util-3.2.xsd, http://www.springframework.org/schema/task/spring-task.xsd=org/springframework/scheduling/config/spring-task-4.1.xsd, http://www.springframework.org/schema/tool/spring-tool-2.0.xsd=org/springframework/beans/factory/xml/spring-tool-2.0.xsd, http://www.springframework.org/schema/tx/spring-tx-3.0.xsd=org/springframework/transaction/config/spring-tx-3.0.xsd, http://www.springframework.org/schema/lang/spring-lang-2.5.xsd=org/springframework/scripting/config/spring-lang-2.5.xsd, http://www.springframework.org/schema/jee/spring-jee-2.0.xsd=org/springframework/ejb/config/spring-jee-2.0.xsd, http://www.springframework.org/schema/tool/spring-tool-2.5.xsd=org/springframework/beans/factory/xml/spring-tool-2.5.xsd, http://www.springframework.org/schema/jee/spring-jee-2.5.xsd=org/springframework/ejb/config/spring-jee-2.5.xsd, http://www.springframework.org/schema/util/spring-util-4.0.xsd=org/springframework/beans/factory/xml/spring-util-4.0.xsd, http://www.springframework.org/schema/task/spring-task-3.0.xsd=org/springframework/scheduling/config/spring-task-3.0.xsd, http://www.springframework.org/schema/lang/spring-lang.xsd=org/springframework/scripting/config/spring-lang-4.1.xsd, http://www.springframework.org/schema/context/spring-context-3.2.xsd=org/springframework/context/config/spring-context-3.2.xsd, http://www.springframework.org/schema/util/spring-util-3.1.xsd=org/springframework/beans/factory/xml/spring-util-3.1.xsd, http://www.springframework.org/schema/beans/spring-beans-2.0.xsd=org/springframework/beans/factory/xml/spring-beans-2.0.xsd, http://www.springframework.org/schema/cache/spring-cache.xsd=org/springframework/cache/config/spring-cache-4.1.xsd, http://www.springframework.org/schema/tx/spring-tx.xsd=org/springframework/transaction/config/spring-tx-4.1.xsd, http://www.springframework.org/schema/context/spring-context-4.1.xsd=org/springframework/context/config/spring-context-4.1.xsd, http://www.springframework.org/schema/beans/spring-beans-2.5.xsd=org/springframework/beans/factory/xml/spring-beans-2.5.xsd, http://www.springframework.org/schema/tx/spring-tx-2.0.xsd=org/springframework/transaction/config/spring-tx-2.0.xsd, http://www.springframework.org/schema/jdbc/spring-jdbc-3.2.xsd=org/springframework/jdbc/config/spring-jdbc-3.2.xsd, http://www.springframework.org/schema/aop/spring-aop.xsd=org/springframework/aop/config/spring-aop-4.1.xsd}
16-08-2017 16:41:18 DEBUG PluggableSchemaResolver:119 - Found XML schema [http://www.springframework.org/schema/beans/spring-beans.xsd] in classpath: org/springframework/beans/factory/xml/spring-beans-4.1.xsd
16-08-2017 16:41:18 DEBUG PluggableSchemaResolver:119 - Found XML schema [http://www.springframework.org/schema/context/spring-context.xsd] in classpath: org/springframework/context/config/spring-context-4.1.xsd
16-08-2017 16:41:18 DEBUG PluggableSchemaResolver:119 - Found XML schema [http://www.springframework.org/schema/tool/spring-tool-4.1.xsd] in classpath: org/springframework/beans/factory/xml/spring-tool-4.1.xsd
16-08-2017 16:41:18 DEBUG PluggableSchemaResolver:119 - Found XML schema [http://www.springframework.org/schema/mvc/spring-mvc.xsd] in classpath: org/springframework/web/servlet/config/spring-mvc-4.1.xsd
16-08-2017 16:41:18 DEBUG PluggableSchemaResolver:119 - Found XML schema [http://www.springframework.org/schema/tx/spring-tx.xsd] in classpath: org/springframework/transaction/config/spring-tx-4.1.xsd
16-08-2017 16:41:18 DEBUG DefaultBeanDefinitionDocumentReader:98 - Loading bean definitions
16-08-2017 16:41:18 DEBUG DefaultNamespaceHandlerResolver:157 - Loaded NamespaceHandler mappings: {http://www.springframework.org/schema/p=org.springframework.beans.factory.xml.SimplePropertyNamespaceHandler, http://www.springframework.org/schema/mvc=org.springframework.web.servlet.config.MvcNamespaceHandler, http://www.springframework.org/schema/util=org.springframework.beans.factory.xml.UtilNamespaceHandler, http://www.springframework.org/schema/jee=org.springframework.ejb.config.JeeNamespaceHandler, http://www.springframework.org/schema/aop=org.springframework.aop.config.AopNamespaceHandler, http://www.springframework.org/schema/jdbc=org.springframework.jdbc.config.JdbcNamespaceHandler, http://www.springframework.org/schema/cache=org.springframework.cache.config.CacheNamespaceHandler, http://www.springframework.org/schema/c=org.springframework.beans.factory.xml.SimpleConstructorNamespaceHandler, http://www.springframework.org/schema/tx=org.springframework.transaction.config.TxNamespaceHandler, http://www.springframework.org/schema/task=org.springframework.scheduling.config.TaskNamespaceHandler, http://www.springframework.org/schema/lang=org.springframework.scripting.config.LangNamespaceHandler, http://www.springframework.org/schema/context=org.springframework.context.config.ContextNamespaceHandler}
16-08-2017 16:41:18 DEBUG StandardEnvironment:109 - Adding [systemProperties] PropertySource with lowest search precedence
16-08-2017 16:41:18 DEBUG StandardEnvironment:109 - Adding [systemEnvironment] PropertySource with lowest search precedence
16-08-2017 16:41:18 DEBUG StandardEnvironment:126 - Initialized StandardEnvironment with PropertySources [systemProperties,systemEnvironment]
16-08-2017 16:41:18 DEBUG ClassPathBeanDefinitionScanner:244 - JSR-250 'javax.annotation.ManagedBean' found and supported for component scanning
16-08-2017 16:41:18 DEBUG ClassPathBeanDefinitionScanner:252 - JSR-330 'javax.inject.Named' annotation found and supported for component scanning
16-08-2017 16:41:18 DEBUG PathMatchingResourcePatternResolver:622 - Looking for matching resources in directory tree [/Users/ellene/Documents/workspace/TradeJournal/target/classes/com/jwt]
16-08-2017 16:41:18 DEBUG PathMatchingResourcePatternResolver:684 - Searching directory [/Users/ellene/Documents/workspace/TradeJournal/target/classes/com/jwt] for files matching pattern [/Users/ellene/Documents/workspace/TradeJournal/target/classes/com/jwt/**/*.class]
16-08-2017 16:41:18 DEBUG PathMatchingResourcePatternResolver:684 - Searching directory [/Users/ellene/Documents/workspace/TradeJournal/target/classes/com/jwt/controller] for files matching pattern [/Users/ellene/Documents/workspace/TradeJournal/target/classes/com/jwt/**/*.class]
16-08-2017 16:41:18 DEBUG PathMatchingResourcePatternResolver:684 - Searching directory [/Users/ellene/Documents/workspace/TradeJournal/target/classes/com/jwt/dao] for files matching pattern [/Users/ellene/Documents/workspace/TradeJournal/target/classes/com/jwt/**/*.class]
16-08-2017 16:41:18 DEBUG PathMatchingResourcePatternResolver:684 - Searching directory [/Users/ellene/Documents/workspace/TradeJournal/target/classes/com/jwt/model] for files matching pattern [/Users/ellene/Documents/workspace/TradeJournal/target/classes/com/jwt/**/*.class]
16-08-2017 16:41:18 DEBUG PathMatchingResourcePatternResolver:684 - Searching directory [/Users/ellene/Documents/workspace/TradeJournal/target/classes/com/jwt/service] for files matching pattern [/Users/ellene/Documents/workspace/TradeJournal/target/classes/com/jwt/**/*.class]
16-08-2017 16:41:18 DEBUG PathMatchingResourcePatternResolver:423 - Resolved location pattern [classpath*:com/jwt/**/*.class] to resources [file [/Users/ellene/Documents/workspace/TradeJournal/target/classes/com/jwt/controller/EmployeeController_.class], file [/Users/ellene/Documents/workspace/TradeJournal/target/classes/com/jwt/controller/UserController.class], file [/Users/ellene/Documents/workspace/TradeJournal/target/classes/com/jwt/dao/EmployeeDAO.class], file [/Users/ellene/Documents/workspace/TradeJournal/target/classes/com/jwt/dao/EmployeeDAOImpl.class], file [/Users/ellene/Documents/workspace/TradeJournal/target/classes/com/jwt/dao/UserDAO.class], file [/Users/ellene/Documents/workspace/TradeJournal/target/classes/com/jwt/dao/UserDAOImpl.class], file [/Users/ellene/Documents/workspace/TradeJournal/target/classes/com/jwt/model/Employee.class], file [/Users/ellene/Documents/workspace/TradeJournal/target/classes/com/jwt/model/User.class], file [/Users/ellene/Documents/workspace/TradeJournal/target/classes/com/jwt/service/EmployeeService.class], file [/Users/ellene/Documents/workspace/TradeJournal/target/classes/com/jwt/service/EmployeeServiceImpl.class], file [/Users/ellene/Documents/workspace/TradeJournal/target/classes/com/jwt/service/UserService.class], file [/Users/ellene/Documents/workspace/TradeJournal/target/classes/com/jwt/service/UserServiceImpl.class]]
16-08-2017 16:41:19 DEBUG ClassPathBeanDefinitionScanner:286 - Identified candidate component class: file [/Users/ellene/Documents/workspace/TradeJournal/target/classes/com/jwt/controller/UserController.class]
16-08-2017 16:41:19 DEBUG ClassPathBeanDefinitionScanner:286 - Identified candidate component class: file [/Users/ellene/Documents/workspace/TradeJournal/target/classes/com/jwt/dao/EmployeeDAOImpl.class]
16-08-2017 16:41:19 DEBUG ClassPathBeanDefinitionScanner:286 - Identified candidate component class: file [/Users/ellene/Documents/workspace/TradeJournal/target/classes/com/jwt/service/EmployeeServiceImpl.class]
16-08-2017 16:41:19 DEBUG BeanDefinitionParserDelegate:495 - Neither XML 'id' nor 'name' specified - using generated bean name [org.springframework.web.servlet.view.InternalResourceViewResolver#0]
16-08-2017 16:41:19 DEBUG XmlBeanDefinitionReader:224 - Loaded 35 bean definitions from location pattern [/WEB-INF/spring-servlet.xml]
16-08-2017 16:41:19 DEBUG XmlWebApplicationContext:540 - Bean factory for Root WebApplicationContext: org.springframework.beans.factory.support.DefaultListableBeanFactory@fb6097b: defining beans [userController,employeeDAOImpl,employeeServiceImpl,org.springframework.context.annotation.internalConfigurationAnnotationProcessor,org.springframework.context.annotation.internalAutowiredAnnotationProcessor,org.springframework.context.annotation.internalRequiredAnnotationProcessor,org.springframework.context.annotation.internalCommonAnnotationProcessor,org.springframework.context.annotation.internalPersistenceAnnotationProcessor,org.springframework.context.support.PropertySourcesPlaceholderConfigurer#0,mvcContentNegotiationManager,org.springframework.web.servlet.mvc.method.annotation.RequestMappingHandlerMapping#0,org.springframework.format.support.FormattingConversionServiceFactoryBean#0,org.springframework.web.servlet.mvc.method.annotation.RequestMappingHandlerAdapter#0,mvcUriComponentsContributor,org.springframework.web.servlet.handler.MappedInterceptor#0,org.springframework.web.servlet.mvc.method.annotation.ExceptionHandlerExceptionResolver#0,org.springframework.web.servlet.mvc.annotation.ResponseStatusExceptionResolver#0,org.springframework.web.servlet.mvc.support.DefaultHandlerExceptionResolver#0,org.springframework.web.servlet.handler.BeanNameUrlHandlerMapping,org.springframework.web.servlet.mvc.HttpRequestHandlerAdapter,org.springframework.web.servlet.mvc.SimpleControllerHandlerAdapter,mvcResourceUrlProvider,org.springframework.web.servlet.handler.MappedInterceptor#1,org.springframework.web.servlet.resource.ResourceHttpRequestHandler#0,mvcPathMatcher,mvcUrlPathHelper,org.springframework.web.servlet.handler.SimpleUrlHandlerMapping#0,org.springframework.web.servlet.view.InternalResourceViewResolver#0,dataSource,sessionFactory,transactionManager,org.springframework.aop.config.internalAutoProxyCreator,org.springframework.transaction.annotation.AnnotationTransactionAttributeSource#0,org.springframework.transaction.interceptor.TransactionInterceptor#0,org.springframework.transaction.config.internalTransactionAdvisor]; root of factory hierarchy
16-08-2017 16:41:19 DEBUG DefaultListableBeanFactory:867 - Registering scope 'request' with implementation [org.springframework.web.context.request.RequestScope@3dd818e8]
16-08-2017 16:41:19 DEBUG DefaultListableBeanFactory:867 - Registering scope 'session' with implementation [org.springframework.web.context.request.SessionScope@3a543f31]
16-08-2017 16:41:19 DEBUG DefaultListableBeanFactory:867 - Registering scope 'globalSession' with implementation [org.springframework.web.context.request.SessionScope@47b67fcb]
16-08-2017 16:41:19 DEBUG DefaultListableBeanFactory:867 - Registering scope 'application' with implementation [org.springframework.web.context.support.ServletContextScope@7efe7b87]
16-08-2017 16:41:19 DEBUG DefaultListableBeanFactory:221 - Creating shared instance of singleton bean 'org.springframework.context.annotation.internalConfigurationAnnotationProcessor'
16-08-2017 16:41:19 DEBUG DefaultListableBeanFactory:450 - Creating instance of bean 'org.springframework.context.annotation.internalConfigurationAnnotationProcessor'
16-08-2017 16:41:19 DEBUG DefaultListableBeanFactory:523 - Eagerly caching bean 'org.springframework.context.annotation.internalConfigurationAnnotationProcessor' to allow for resolving potential circular references
16-08-2017 16:41:19 DEBUG DefaultListableBeanFactory:478 - Finished creating instance of bean 'org.springframework.context.annotation.internalConfigurationAnnotationProcessor'
16-08-2017 16:41:19 DEBUG DefaultListableBeanFactory:221 - Creating shared instance of singleton bean 'org.springframework.context.support.PropertySourcesPlaceholderConfigurer#0'
16-08-2017 16:41:19 DEBUG DefaultListableBeanFactory:450 - Creating instance of bean 'org.springframework.context.support.PropertySourcesPlaceholderConfigurer#0'
16-08-2017 16:41:19 DEBUG DefaultListableBeanFactory:523 - Eagerly caching bean 'org.springframework.context.support.PropertySourcesPlaceholderConfigurer#0' to allow for resolving potential circular references
16-08-2017 16:41:19 DEBUG DefaultListableBeanFactory:478 - Finished creating instance of bean 'org.springframework.context.support.PropertySourcesPlaceholderConfigurer#0'
16-08-2017 16:41:19 DEBUG MutablePropertySources:109 - Adding [environmentProperties] PropertySource with lowest search precedence
16-08-2017 16:41:19 INFO  PropertySourcesPlaceholderConfigurer:172 - Loading properties file from class path resource [application.properties]
16-08-2017 16:41:19 DEBUG MutablePropertySources:109 - Adding [localProperties] PropertySource with lowest search precedence
16-08-2017 16:41:19 DEBUG PropertySourcesPropertyResolver:81 - Searching for key 'database.driver' in [environmentProperties]
16-08-2017 16:41:19 DEBUG PropertySourcesPropertyResolver:81 - Searching for key 'database.driver' in [servletConfigInitParams]
16-08-2017 16:41:19 DEBUG PropertySourcesPropertyResolver:81 - Searching for key 'database.driver' in [servletContextInitParams]
16-08-2017 16:41:19 DEBUG PropertySourcesPropertyResolver:81 - Searching for key 'database.driver' in [jndiProperties]
16-08-2017 16:41:19 DEBUG JndiTemplate:150 - Looking up JNDI object with name [java:comp/env/database.driver]
16-08-2017 16:41:19 DEBUG JndiLocatorDelegate:101 - Converted JNDI name [java:comp/env/database.driver] not found - trying original name [database.driver]. javax.naming.NameNotFoundException; remaining name 'database.driver'
16-08-2017 16:41:19 DEBUG JndiTemplate:150 - Looking up JNDI object with name [database.driver]
16-08-2017 16:41:19 DEBUG JndiPropertySource:90 - JNDI lookup for name [database.driver] threw NamingException with message: null. Returning null.
16-08-2017 16:41:19 DEBUG PropertySourcesPropertyResolver:81 - Searching for key 'database.driver' in [systemProperties]
16-08-2017 16:41:19 DEBUG PropertySourcesPropertyResolver:81 - Searching for key 'database.driver' in [systemEnvironment]
16-08-2017 16:41:19 DEBUG PropertySourcesPropertyResolver:103 - Could not find key 'database.driver' in any property source. Returning [null]
16-08-2017 16:41:19 DEBUG PropertySourcesPropertyResolver:81 - Searching for key 'database.driver' in [localProperties]
16-08-2017 16:41:19 DEBUG PropertySourcesPropertyResolver:90 - Found key 'database.driver' in [localProperties] with type [String] and value 'com.mysql.jdbc.Driver'
16-08-2017 16:41:19 DEBUG PropertySourcesPropertyResolver:81 - Searching for key 'database.url' in [environmentProperties]
16-08-2017 16:41:19 DEBUG PropertySourcesPropertyResolver:81 - Searching for key 'database.url' in [servletConfigInitParams]
16-08-2017 16:41:19 DEBUG PropertySourcesPropertyResolver:81 - Searching for key 'database.url' in [servletContextInitParams]
16-08-2017 16:41:19 DEBUG PropertySourcesPropertyResolver:81 - Searching for key 'database.url' in [jndiProperties]
16-08-2017 16:41:19 DEBUG JndiTemplate:150 - Looking up JNDI object with name [java:comp/env/database.url]
16-08-2017 16:41:19 DEBUG JndiLocatorDelegate:101 - Converted JNDI name [java:comp/env/database.url] not found - trying original name [database.url]. javax.naming.NameNotFoundException; remaining name 'database.url'
16-08-2017 16:41:19 DEBUG JndiTemplate:150 - Looking up JNDI object with name [database.url]
16-08-2017 16:41:19 DEBUG JndiPropertySource:90 - JNDI lookup for name [database.url] threw NamingException with message: null. Returning null.
16-08-2017 16:41:19 DEBUG PropertySourcesPropertyResolver:81 - Searching for key 'database.url' in [systemProperties]
16-08-2017 16:41:19 DEBUG PropertySourcesPropertyResolver:81 - Searching for key 'database.url' in [systemEnvironment]
16-08-2017 16:41:19 DEBUG PropertySourcesPropertyResolver:103 - Could not find key 'database.url' in any property source. Returning [null]
16-08-2017 16:41:19 DEBUG PropertySourcesPropertyResolver:81 - Searching for key 'database.url' in [localProperties]
16-08-2017 16:41:19 DEBUG PropertySourcesPropertyResolver:90 - Found key 'database.url' in [localProperties] with type [String] and value 'jdbc:mysql://localhost:8889/trade_journal'
16-08-2017 16:41:19 DEBUG PropertySourcesPropertyResolver:81 - Searching for key 'database.user' in [environmentProperties]
16-08-2017 16:41:19 DEBUG PropertySourcesPropertyResolver:81 - Searching for key 'database.user' in [servletConfigInitParams]
16-08-2017 16:41:19 DEBUG PropertySourcesPropertyResolver:81 - Searching for key 'database.user' in [servletContextInitParams]
16-08-2017 16:41:19 DEBUG PropertySourcesPropertyResolver:81 - Searching for key 'database.user' in [jndiProperties]
16-08-2017 16:41:19 DEBUG JndiTemplate:150 - Looking up JNDI object with name [java:comp/env/database.user]
16-08-2017 16:41:19 DEBUG JndiLocatorDelegate:101 - Converted JNDI name [java:comp/env/database.user] not found - trying original name [database.user]. javax.naming.NameNotFoundException; remaining name 'database.user'
16-08-2017 16:41:19 DEBUG JndiTemplate:150 - Looking up JNDI object with name [database.user]
16-08-2017 16:41:19 DEBUG JndiPropertySource:90 - JNDI lookup for name [database.user] threw NamingException with message: null. Returning null.
16-08-2017 16:41:19 DEBUG PropertySourcesPropertyResolver:81 - Searching for key 'database.user' in [systemProperties]
16-08-2017 16:41:19 DEBUG PropertySourcesPropertyResolver:81 - Searching for key 'database.user' in [systemEnvironment]
16-08-2017 16:41:19 DEBUG PropertySourcesPropertyResolver:103 - Could not find key 'database.user' in any property source. Returning [null]
16-08-2017 16:41:19 DEBUG PropertySourcesPropertyResolver:81 - Searching for key 'database.user' in [localProperties]
16-08-2017 16:41:19 DEBUG PropertySourcesPropertyResolver:90 - Found key 'database.user' in [localProperties] with type [String] and value 'root'
16-08-2017 16:41:19 DEBUG PropertySourcesPropertyResolver:81 - Searching for key 'database.password' in [environmentProperties]
16-08-2017 16:41:19 DEBUG PropertySourcesPropertyResolver:81 - Searching for key 'database.password' in [servletConfigInitParams]
16-08-2017 16:41:19 DEBUG PropertySourcesPropertyResolver:81 - Searching for key 'database.password' in [servletContextInitParams]
16-08-2017 16:41:19 DEBUG PropertySourcesPropertyResolver:81 - Searching for key 'database.password' in [jndiProperties]
16-08-2017 16:41:19 DEBUG JndiTemplate:150 - Looking up JNDI object with name [java:comp/env/database.password]
16-08-2017 16:41:19 DEBUG JndiLocatorDelegate:101 - Converted JNDI name [java:comp/env/database.password] not found - trying original name [database.password]. javax.naming.NameNotFoundException; remaining name 'database.password'
16-08-2017 16:41:19 DEBUG JndiTemplate:150 - Looking up JNDI object with name [database.password]
16-08-2017 16:41:19 DEBUG JndiPropertySource:90 - JNDI lookup for name [database.password] threw NamingException with message: null. Returning null.
16-08-2017 16:41:19 DEBUG PropertySourcesPropertyResolver:81 - Searching for key 'database.password' in [systemProperties]
16-08-2017 16:41:19 DEBUG PropertySourcesPropertyResolver:81 - Searching for key 'database.password' in [systemEnvironment]
16-08-2017 16:41:19 DEBUG PropertySourcesPropertyResolver:103 - Could not find key 'database.password' in any property source. Returning [null]
16-08-2017 16:41:19 DEBUG PropertySourcesPropertyResolver:81 - Searching for key 'database.password' in [localProperties]
16-08-2017 16:41:19 DEBUG PropertySourcesPropertyResolver:90 - Found key 'database.password' in [localProperties] with type [String] and value 'root'
16-08-2017 16:41:19 DEBUG PropertySourcesPropertyResolver:81 - Searching for key 'hibernate.format_sql' in [environmentProperties]
16-08-2017 16:41:19 DEBUG PropertySourcesPropertyResolver:81 - Searching for key 'hibernate.format_sql' in [servletConfigInitParams]
16-08-2017 16:41:19 DEBUG PropertySourcesPropertyResolver:81 - Searching for key 'hibernate.format_sql' in [servletContextInitParams]
16-08-2017 16:41:19 DEBUG PropertySourcesPropertyResolver:81 - Searching for key 'hibernate.format_sql' in [jndiProperties]
16-08-2017 16:41:19 DEBUG JndiTemplate:150 - Looking up JNDI object with name [java:comp/env/hibernate.format_sql]
16-08-2017 16:41:19 DEBUG JndiLocatorDelegate:101 - Converted JNDI name [java:comp/env/hibernate.format_sql] not found - trying original name [hibernate.format_sql]. javax.naming.NameNotFoundException; remaining name 'hibernate.format_sql'
16-08-2017 16:41:19 DEBUG JndiTemplate:150 - Looking up JNDI object with name [hibernate.format_sql]
16-08-2017 16:41:19 DEBUG JndiPropertySource:90 - JNDI lookup for name [hibernate.format_sql] threw NamingException with message: null. Returning null.
16-08-2017 16:41:19 DEBUG PropertySourcesPropertyResolver:81 - Searching for key 'hibernate.format_sql' in [systemProperties]
16-08-2017 16:41:19 DEBUG PropertySourcesPropertyResolver:81 - Searching for key 'hibernate.format_sql' in [systemEnvironment]
16-08-2017 16:41:19 DEBUG PropertySourcesPropertyResolver:103 - Could not find key 'hibernate.format_sql' in any property source. Returning [null]
16-08-2017 16:41:19 DEBUG PropertySourcesPropertyResolver:81 - Searching for key 'hibernate.format_sql' in [localProperties]
16-08-2017 16:41:19 DEBUG PropertySourcesPropertyResolver:90 - Found key 'hibernate.format_sql' in [localProperties] with type [String] and value 'true'
16-08-2017 16:41:19 DEBUG PropertySourcesPropertyResolver:81 - Searching for key 'hibernate.show_sql' in [environmentProperties]
16-08-2017 16:41:19 DEBUG PropertySourcesPropertyResolver:81 - Searching for key 'hibernate.show_sql' in [servletConfigInitParams]
16-08-2017 16:41:19 DEBUG PropertySourcesPropertyResolver:81 - Searching for key 'hibernate.show_sql' in [servletContextInitParams]
16-08-2017 16:41:19 DEBUG PropertySourcesPropertyResolver:81 - Searching for key 'hibernate.show_sql' in [jndiProperties]
16-08-2017 16:41:19 DEBUG JndiTemplate:150 - Looking up JNDI object with name [java:comp/env/hibernate.show_sql]
16-08-2017 16:41:19 DEBUG JndiLocatorDelegate:101 - Converted JNDI name [java:comp/env/hibernate.show_sql] not found - trying original name [hibernate.show_sql]. javax.naming.NameNotFoundException; remaining name 'hibernate.show_sql'
16-08-2017 16:41:19 DEBUG JndiTemplate:150 - Looking up JNDI object with name [hibernate.show_sql]
16-08-2017 16:41:19 DEBUG JndiPropertySource:90 - JNDI lookup for name [hibernate.show_sql] threw NamingException with message: null. Returning null.
16-08-2017 16:41:19 DEBUG PropertySourcesPropertyResolver:81 - Searching for key 'hibernate.show_sql' in [systemProperties]
16-08-2017 16:41:19 DEBUG PropertySourcesPropertyResolver:81 - Searching for key 'hibernate.show_sql' in [systemEnvironment]
16-08-2017 16:41:19 DEBUG PropertySourcesPropertyResolver:103 - Could not find key 'hibernate.show_sql' in any property source. Returning [null]
16-08-2017 16:41:19 DEBUG PropertySourcesPropertyResolver:81 - Searching for key 'hibernate.show_sql' in [localProperties]
16-08-2017 16:41:19 DEBUG PropertySourcesPropertyResolver:90 - Found key 'hibernate.show_sql' in [localProperties] with type [String] and value 'true'
16-08-2017 16:41:19 DEBUG PropertySourcesPropertyResolver:81 - Searching for key 'hibernate.hbm2ddl.auto' in [environmentProperties]
16-08-2017 16:41:19 DEBUG PropertySourcesPropertyResolver:81 - Searching for key 'hibernate.hbm2ddl.auto' in [servletConfigInitParams]
16-08-2017 16:41:19 DEBUG PropertySourcesPropertyResolver:81 - Searching for key 'hibernate.hbm2ddl.auto' in [servletContextInitParams]
16-08-2017 16:41:19 DEBUG PropertySourcesPropertyResolver:81 - Searching for key 'hibernate.hbm2ddl.auto' in [jndiProperties]
16-08-2017 16:41:19 DEBUG JndiTemplate:150 - Looking up JNDI object with name [java:comp/env/hibernate.hbm2ddl.auto]
16-08-2017 16:41:19 DEBUG JndiLocatorDelegate:101 - Converted JNDI name [java:comp/env/hibernate.hbm2ddl.auto] not found - trying original name [hibernate.hbm2ddl.auto]. javax.naming.NameNotFoundException; remaining name 'hibernate.hbm2ddl.auto'
16-08-2017 16:41:19 DEBUG JndiTemplate:150 - Looking up JNDI object with name [hibernate.hbm2ddl.auto]
16-08-2017 16:41:19 DEBUG JndiPropertySource:90 - JNDI lookup for name [hibernate.hbm2ddl.auto] threw NamingException with message: null. Returning null.
16-08-2017 16:41:19 DEBUG PropertySourcesPropertyResolver:81 - Searching for key 'hibernate.hbm2ddl.auto' in [systemProperties]
16-08-2017 16:41:19 DEBUG PropertySourcesPropertyResolver:81 - Searching for key 'hibernate.hbm2ddl.auto' in [systemEnvironment]
16-08-2017 16:41:19 DEBUG PropertySourcesPropertyResolver:103 - Could not find key 'hibernate.hbm2ddl.auto' in any property source. Returning [null]
16-08-2017 16:41:19 DEBUG PropertySourcesPropertyResolver:81 - Searching for key 'hibernate.hbm2ddl.auto' in [localProperties]
16-08-2017 16:41:19 DEBUG PropertySourcesPropertyResolver:90 - Found key 'hibernate.hbm2ddl.auto' in [localProperties] with type [String] and value 'update'
16-08-2017 16:41:19 DEBUG PropertySourcesPropertyResolver:81 - Searching for key 'hibernate.dialect' in [environmentProperties]
16-08-2017 16:41:19 DEBUG PropertySourcesPropertyResolver:81 - Searching for key 'hibernate.dialect' in [servletConfigInitParams]
16-08-2017 16:41:19 DEBUG PropertySourcesPropertyResolver:81 - Searching for key 'hibernate.dialect' in [servletContextInitParams]
16-08-2017 16:41:19 DEBUG PropertySourcesPropertyResolver:81 - Searching for key 'hibernate.dialect' in [jndiProperties]
16-08-2017 16:41:19 DEBUG JndiTemplate:150 - Looking up JNDI object with name [java:comp/env/hibernate.dialect]
16-08-2017 16:41:19 DEBUG JndiLocatorDelegate:101 - Converted JNDI name [java:comp/env/hibernate.dialect] not found - trying original name [hibernate.dialect]. javax.naming.NameNotFoundException; remaining name 'hibernate.dialect'
16-08-2017 16:41:19 DEBUG JndiTemplate:150 - Looking up JNDI object with name [hibernate.dialect]
16-08-2017 16:41:19 DEBUG JndiPropertySource:90 - JNDI lookup for name [hibernate.dialect] threw NamingException with message: null. Returning null.
16-08-2017 16:41:19 DEBUG PropertySourcesPropertyResolver:81 - Searching for key 'hibernate.dialect' in [systemProperties]
16-08-2017 16:41:19 DEBUG PropertySourcesPropertyResolver:81 - Searching for key 'hibernate.dialect' in [systemEnvironment]
16-08-2017 16:41:19 DEBUG PropertySourcesPropertyResolver:103 - Could not find key 'hibernate.dialect' in any property source. Returning [null]
16-08-2017 16:41:19 DEBUG PropertySourcesPropertyResolver:81 - Searching for key 'hibernate.dialect' in [localProperties]
16-08-2017 16:41:19 DEBUG PropertySourcesPropertyResolver:90 - Found key 'hibernate.dialect' in [localProperties] with type [String] and value 'org.hibernate.dialect.MySQLDialect'
16-08-2017 16:41:19 DEBUG DefaultListableBeanFactory:221 - Creating shared instance of singleton bean 'org.springframework.context.annotation.internalAutowiredAnnotationProcessor'
16-08-2017 16:41:19 DEBUG DefaultListableBeanFactory:450 - Creating instance of bean 'org.springframework.context.annotation.internalAutowiredAnnotationProcessor'
16-08-2017 16:41:19 INFO  AutowiredAnnotationBeanPostProcessor:153 - JSR-330 'javax.inject.Inject' annotation found and supported for autowiring
16-08-2017 16:41:19 DEBUG DefaultListableBeanFactory:523 - Eagerly caching bean 'org.springframework.context.annotation.internalAutowiredAnnotationProcessor' to allow for resolving potential circular references
16-08-2017 16:41:19 DEBUG DefaultListableBeanFactory:478 - Finished creating instance of bean 'org.springframework.context.annotation.internalAutowiredAnnotationProcessor'
16-08-2017 16:41:19 DEBUG DefaultListableBeanFactory:221 - Creating shared instance of singleton bean 'org.springframework.context.annotation.internalRequiredAnnotationProcessor'
16-08-2017 16:41:19 DEBUG DefaultListableBeanFactory:450 - Creating instance of bean 'org.springframework.context.annotation.internalRequiredAnnotationProcessor'
16-08-2017 16:41:19 DEBUG DefaultListableBeanFactory:523 - Eagerly caching bean 'org.springframework.context.annotation.internalRequiredAnnotationProcessor' to allow for resolving potential circular references
16-08-2017 16:41:19 DEBUG DefaultListableBeanFactory:478 - Finished creating instance of bean 'org.springframework.context.annotation.internalRequiredAnnotationProcessor'
16-08-2017 16:41:19 DEBUG DefaultListableBeanFactory:221 - Creating shared instance of singleton bean 'org.springframework.context.annotation.internalCommonAnnotationProcessor'
16-08-2017 16:41:19 DEBUG DefaultListableBeanFactory:450 - Creating instance of bean 'org.springframework.context.annotation.internalCommonAnnotationProcessor'
16-08-2017 16:41:19 DEBUG DefaultListableBeanFactory:523 - Eagerly caching bean 'org.springframework.context.annotation.internalCommonAnnotationProcessor' to allow for resolving potential circular references
16-08-2017 16:41:19 DEBUG DefaultListableBeanFactory:478 - Finished creating instance of bean 'org.springframework.context.annotation.internalCommonAnnotationProcessor'
16-08-2017 16:41:19 DEBUG DefaultListableBeanFactory:221 - Creating shared instance of singleton bean 'org.springframework.context.annotation.internalPersistenceAnnotationProcessor'
16-08-2017 16:41:19 DEBUG DefaultListableBeanFactory:450 - Creating instance of bean 'org.springframework.context.annotation.internalPersistenceAnnotationProcessor'
16-08-2017 16:41:19 DEBUG DefaultListableBeanFactory:523 - Eagerly caching bean 'org.springframework.context.annotation.internalPersistenceAnnotationProcessor' to allow for resolving potential circular references
16-08-2017 16:41:19 DEBUG DefaultListableBeanFactory:478 - Finished creating instance of bean 'org.springframework.context.annotation.internalPersistenceAnnotationProcessor'
16-08-2017 16:41:19 DEBUG DefaultListableBeanFactory:221 - Creating shared instance of singleton bean 'org.springframework.context.annotation.ConfigurationClassPostProcessor.importAwareProcessor'
16-08-2017 16:41:19 DEBUG DefaultListableBeanFactory:450 - Creating instance of bean 'org.springframework.context.annotation.ConfigurationClassPostProcessor.importAwareProcessor'
16-08-2017 16:41:19 DEBUG DefaultListableBeanFactory:523 - Eagerly caching bean 'org.springframework.context.annotation.ConfigurationClassPostProcessor.importAwareProcessor' to allow for resolving potential circular references
16-08-2017 16:41:19 DEBUG DefaultListableBeanFactory:478 - Finished creating instance of bean 'org.springframework.context.annotation.ConfigurationClassPostProcessor.importAwareProcessor'
16-08-2017 16:41:19 DEBUG DefaultListableBeanFactory:221 - Creating shared instance of singleton bean 'org.springframework.context.annotation.ConfigurationClassPostProcessor.enhancedConfigurationProcessor'
16-08-2017 16:41:19 DEBUG DefaultListableBeanFactory:450 - Creating instance of bean 'org.springframework.context.annotation.ConfigurationClassPostProcessor.enhancedConfigurationProcessor'
16-08-2017 16:41:19 DEBUG DefaultListableBeanFactory:523 - Eagerly caching bean 'org.springframework.context.annotation.ConfigurationClassPostProcessor.enhancedConfigurationProcessor' to allow for resolving potential circular references
16-08-2017 16:41:19 DEBUG DefaultListableBeanFactory:478 - Finished creating instance of bean 'org.springframework.context.annotation.ConfigurationClassPostProcessor.enhancedConfigurationProcessor'
16-08-2017 16:41:19 DEBUG DefaultListableBeanFactory:221 - Creating shared instance of singleton bean 'org.springframework.aop.config.internalAutoProxyCreator'
16-08-2017 16:41:19 DEBUG DefaultListableBeanFactory:450 - Creating instance of bean 'org.springframework.aop.config.internalAutoProxyCreator'
16-08-2017 16:41:19 DEBUG DefaultListableBeanFactory:523 - Eagerly caching bean 'org.springframework.aop.config.internalAutoProxyCreator' to allow for resolving potential circular references
16-08-2017 16:41:19 DEBUG DefaultListableBeanFactory:478 - Finished creating instance of bean 'org.springframework.aop.config.internalAutoProxyCreator'
16-08-2017 16:41:19 DEBUG XmlWebApplicationContext:646 - Unable to locate MessageSource with name 'messageSource': using default [org.springframework.context.support.DelegatingMessageSource@2849434b]
16-08-2017 16:41:19 DEBUG XmlWebApplicationContext:670 - Unable to locate ApplicationEventMulticaster with name 'applicationEventMulticaster': using default [org.springframework.context.event.SimpleApplicationEventMulticaster@352c44a8]
16-08-2017 16:41:19 DEBUG UiApplicationContextUtils:85 - Unable to locate ThemeSource with name 'themeSource': using default [org.springframework.ui.context.support.ResourceBundleThemeSource@71a06021]
16-08-2017 16:41:19 DEBUG DefaultListableBeanFactory:724 - Pre-instantiating singletons in org.springframework.beans.factory.support.DefaultListableBeanFactory@fb6097b: defining beans [userController,employeeDAOImpl,employeeServiceImpl,org.springframework.context.annotation.internalConfigurationAnnotationProcessor,org.springframework.context.annotation.internalAutowiredAnnotationProcessor,org.springframework.context.annotation.internalRequiredAnnotationProcessor,org.springframework.context.annotation.internalCommonAnnotationProcessor,org.springframework.context.annotation.internalPersistenceAnnotationProcessor,org.springframework.context.support.PropertySourcesPlaceholderConfigurer#0,mvcContentNegotiationManager,org.springframework.web.servlet.mvc.method.annotation.RequestMappingHandlerMapping#0,org.springframework.format.support.FormattingConversionServiceFactoryBean#0,org.springframework.web.servlet.mvc.method.annotation.RequestMappingHandlerAdapter#0,mvcUriComponentsContributor,org.springframework.web.servlet.handler.MappedInterceptor#0,org.springframework.web.servlet.mvc.method.annotation.ExceptionHandlerExceptionResolver#0,org.springframework.web.servlet.mvc.annotation.ResponseStatusExceptionResolver#0,org.springframework.web.servlet.mvc.support.DefaultHandlerExceptionResolver#0,org.springframework.web.servlet.handler.BeanNameUrlHandlerMapping,org.springframework.web.servlet.mvc.HttpRequestHandlerAdapter,org.springframework.web.servlet.mvc.SimpleControllerHandlerAdapter,mvcResourceUrlProvider,org.springframework.web.servlet.handler.MappedInterceptor#1,org.springframework.web.servlet.resource.ResourceHttpRequestHandler#0,mvcPathMatcher,mvcUrlPathHelper,org.springframework.web.servlet.handler.SimpleUrlHandlerMapping#0,org.springframework.web.servlet.view.InternalResourceViewResolver#0,dataSource,sessionFactory,transactionManager,org.springframework.aop.config.internalAutoProxyCreator,org.springframework.transaction.annotation.AnnotationTransactionAttributeSource#0,org.springframework.transaction.interceptor.TransactionInterceptor#0,org.springframework.transaction.config.internalTransactionAdvisor,org.springframework.context.annotation.ConfigurationClassPostProcessor.importAwareProcessor,org.springframework.context.annotation.ConfigurationClassPostProcessor.enhancedConfigurationProcessor]; root of factory hierarchy
16-08-2017 16:41:19 DEBUG DefaultListableBeanFactory:221 - Creating shared instance of singleton bean 'userController'
16-08-2017 16:41:19 DEBUG DefaultListableBeanFactory:450 - Creating instance of bean 'userController'
16-08-2017 16:41:19 DEBUG logging:37 - Logging Provider: org.jboss.logging.Log4jLoggerProvider
16-08-2017 16:41:19 DEBUG InjectionMetadata:72 - Registered injected element on class [com.jwt.controller.UserController]: AutowiredFieldElement for private com.jwt.service.UserService com.jwt.controller.UserController.userService
16-08-2017 16:41:19 DEBUG DefaultListableBeanFactory:523 - Eagerly caching bean 'userController' to allow for resolving potential circular references
16-08-2017 16:41:19 DEBUG InjectionMetadata:86 - Processing injected element of bean 'userController': AutowiredFieldElement for private com.jwt.service.UserService com.jwt.controller.UserController.userService
16-08-2017 16:41:19 WARN  XmlWebApplicationContext:487 - Exception encountered during context initialization - cancelling refresh attempt
org.springframework.beans.factory.BeanCreationException: Error creating bean with name 'userController': Injection of autowired dependencies failed; nested exception is org.springframework.beans.factory.BeanCreationException: Could not autowire field: private com.jwt.service.UserService com.jwt.controller.UserController.userService; nested exception is org.springframework.beans.factory.NoSuchBeanDefinitionException: No qualifying bean of type [com.jwt.service.UserService] found for dependency: expected at least 1 bean which qualifies as autowire candidate for this dependency. Dependency annotations: {@org.springframework.beans.factory.annotation.Autowired(required=true)}
	at org.springframework.beans.factory.annotation.AutowiredAnnotationBeanPostProcessor.postProcessPropertyValues(AutowiredAnnotationBeanPostProcessor.java:334)
	at org.springframework.beans.factory.support.AbstractAutowireCapableBeanFactory.populateBean(AbstractAutowireCapableBeanFactory.java:1202)
	at org.springframework.beans.factory.support.AbstractAutowireCapableBeanFactory.doCreateBean(AbstractAutowireCapableBeanFactory.java:537)
	at org.springframework.beans.factory.support.AbstractAutowireCapableBeanFactory.createBean(AbstractAutowireCapableBeanFactory.java:476)
	at org.springframework.beans.factory.support.AbstractBeanFactory$1.getObject(AbstractBeanFactory.java:303)
	at org.springframework.beans.factory.support.DefaultSingletonBeanRegistry.getSingleton(DefaultSingletonBeanRegistry.java:230)
	at org.springframework.beans.factory.support.AbstractBeanFactory.doGetBean(AbstractBeanFactory.java:299)
	at org.springframework.beans.factory.support.AbstractBeanFactory.getBean(AbstractBeanFactory.java:194)
	at org.springframework.beans.factory.support.DefaultListableBeanFactory.preInstantiateSingletons(DefaultListableBeanFactory.java:755)
	at org.springframework.context.support.AbstractApplicationContext.finishBeanFactoryInitialization(AbstractApplicationContext.java:757)
	at org.springframework.context.support.AbstractApplicationContext.refresh(AbstractApplicationContext.java:480)
	at org.springframework.web.context.ContextLoader.configureAndRefreshWebApplicationContext(ContextLoader.java:403)
	at org.springframework.web.context.ContextLoader.initWebApplicationContext(ContextLoader.java:306)
	at org.springframework.web.context.ContextLoaderListener.contextInitialized(ContextLoaderListener.java:106)
	at org.eclipse.jetty.server.handler.ContextHandler.callContextInitialized(ContextHandler.java:799)
	at org.eclipse.jetty.servlet.ServletContextHandler.callContextInitialized(ServletContextHandler.java:444)
	at org.eclipse.jetty.server.handler.ContextHandler.startContext(ContextHandler.java:790)
	at org.eclipse.jetty.servlet.ServletContextHandler.startContext(ServletContextHandler.java:294)
	at org.eclipse.jetty.webapp.WebAppContext.startWebapp(WebAppContext.java:1341)
	at org.eclipse.jetty.maven.plugin.JettyWebAppContext.startWebapp(JettyWebAppContext.java:296)
	at org.eclipse.jetty.webapp.WebAppContext.startContext(WebAppContext.java:1334)
	at org.eclipse.jetty.server.handler.ContextHandler.doStart(ContextHandler.java:742)
	at org.eclipse.jetty.webapp.WebAppContext.doStart(WebAppContext.java:497)
	at org.eclipse.jetty.maven.plugin.JettyWebAppContext.doStart(JettyWebAppContext.java:365)
	at org.eclipse.jetty.util.component.AbstractLifeCycle.start(AbstractLifeCycle.java:68)
	at org.eclipse.jetty.util.component.ContainerLifeCycle.start(ContainerLifeCycle.java:132)
	at org.eclipse.jetty.util.component.ContainerLifeCycle.doStart(ContainerLifeCycle.java:114)
	at org.eclipse.jetty.server.handler.AbstractHandler.doStart(AbstractHandler.java:61)
	at org.eclipse.jetty.server.handler.ContextHandlerCollection.doStart(ContextHandlerCollection.java:163)
	at org.eclipse.jetty.util.component.AbstractLifeCycle.start(AbstractLifeCycle.java:68)
	at org.eclipse.jetty.util.component.ContainerLifeCycle.start(ContainerLifeCycle.java:132)
	at org.eclipse.jetty.util.component.ContainerLifeCycle.doStart(ContainerLifeCycle.java:114)
	at org.eclipse.jetty.server.handler.AbstractHandler.doStart(AbstractHandler.java:61)
	at org.eclipse.jetty.util.component.AbstractLifeCycle.start(AbstractLifeCycle.java:68)
	at org.eclipse.jetty.util.component.ContainerLifeCycle.start(ContainerLifeCycle.java:132)
	at org.eclipse.jetty.server.Server.start(Server.java:388)
	at org.eclipse.jetty.util.component.ContainerLifeCycle.doStart(ContainerLifeCycle.java:114)
	at org.eclipse.jetty.server.handler.AbstractHandler.doStart(AbstractHandler.java:61)
	at org.eclipse.jetty.server.Server.doStart(Server.java:355)
	at org.eclipse.jetty.maven.plugin.JettyServer.doStart(JettyServer.java:73)
	at org.eclipse.jetty.util.component.AbstractLifeCycle.start(AbstractLifeCycle.java:68)
	at org.eclipse.jetty.maven.plugin.AbstractJettyMojo.startJetty(AbstractJettyMojo.java:534)
	at org.eclipse.jetty.maven.plugin.AbstractJettyMojo.execute(AbstractJettyMojo.java:357)
	at org.eclipse.jetty.maven.plugin.JettyRunMojo.execute(JettyRunMojo.java:167)
	at org.apache.maven.plugin.DefaultBuildPluginManager.executeMojo(DefaultBuildPluginManager.java:134)
	at org.apache.maven.lifecycle.internal.MojoExecutor.execute(MojoExecutor.java:207)
	at org.apache.maven.lifecycle.internal.MojoExecutor.execute(MojoExecutor.java:153)
	at org.apache.maven.lifecycle.internal.MojoExecutor.execute(MojoExecutor.java:145)
	at org.apache.maven.lifecycle.internal.LifecycleModuleBuilder.buildProject(LifecycleModuleBuilder.java:116)
	at org.apache.maven.lifecycle.internal.LifecycleModuleBuilder.buildProject(LifecycleModuleBuilder.java:80)
	at org.apache.maven.lifecycle.internal.builder.singlethreaded.SingleThreadedBuilder.build(SingleThreadedBuilder.java:51)
	at org.apache.maven.lifecycle.internal.LifecycleStarter.execute(LifecycleStarter.java:128)
	at org.apache.maven.DefaultMaven.doExecute(DefaultMaven.java:307)
	at org.apache.maven.DefaultMaven.doExecute(DefaultMaven.java:193)
	at org.apache.maven.DefaultMaven.execute(DefaultMaven.java:106)
	at org.apache.maven.cli.MavenCli.execute(MavenCli.java:863)
	at org.apache.maven.cli.MavenCli.doMain(MavenCli.java:288)
	at org.apache.maven.cli.MavenCli.main(MavenCli.java:199)
	at sun.reflect.NativeMethodAccessorImpl.invoke0(Native Method)
	at sun.reflect.NativeMethodAccessorImpl.invoke(NativeMethodAccessorImpl.java:62)
	at sun.reflect.DelegatingMethodAccessorImpl.invoke(DelegatingMethodAccessorImpl.java:43)
	at java.lang.reflect.Method.invoke(Method.java:498)
	at org.codehaus.plexus.classworlds.launcher.Launcher.launchEnhanced(Launcher.java:289)
	at org.codehaus.plexus.classworlds.launcher.Launcher.launch(Launcher.java:229)
	at org.codehaus.plexus.classworlds.launcher.Launcher.mainWithExitCode(Launcher.java:415)
	at org.codehaus.plexus.classworlds.launcher.Launcher.main(Launcher.java:356)
Caused by: org.springframework.beans.factory.BeanCreationException: Could not autowire field: private com.jwt.service.UserService com.jwt.controller.UserController.userService; nested exception is org.springframework.beans.factory.NoSuchBeanDefinitionException: No qualifying bean of type [com.jwt.service.UserService] found for dependency: expected at least 1 bean which qualifies as autowire candidate for this dependency. Dependency annotations: {@org.springframework.beans.factory.annotation.Autowired(required=true)}
	at org.springframework.beans.factory.annotation.AutowiredAnnotationBeanPostProcessor$AutowiredFieldElement.inject(AutowiredAnnotationBeanPostProcessor.java:561)
	at org.springframework.beans.factory.annotation.InjectionMetadata.inject(InjectionMetadata.java:88)
	at org.springframework.beans.factory.annotation.AutowiredAnnotationBeanPostProcessor.postProcessPropertyValues(AutowiredAnnotationBeanPostProcessor.java:331)
	... 65 more
Caused by: org.springframework.beans.factory.NoSuchBeanDefinitionException: No qualifying bean of type [com.jwt.service.UserService] found for dependency: expected at least 1 bean which qualifies as autowire candidate for this dependency. Dependency annotations: {@org.springframework.beans.factory.annotation.Autowired(required=true)}
	at org.springframework.beans.factory.support.DefaultListableBeanFactory.raiseNoSuchBeanDefinitionException(DefaultListableBeanFactory.java:1301)
	at org.springframework.beans.factory.support.DefaultListableBeanFactory.doResolveDependency(DefaultListableBeanFactory.java:1047)
	at org.springframework.beans.factory.support.DefaultListableBeanFactory.resolveDependency(DefaultListableBeanFactory.java:942)
	at org.springframework.beans.factory.annotation.AutowiredAnnotationBeanPostProcessor$AutowiredFieldElement.inject(AutowiredAnnotationBeanPostProcessor.java:533)
	... 67 more
16-08-2017 16:41:19 DEBUG DefaultListableBeanFactory:512 - Destroying singletons in org.springframework.beans.factory.support.DefaultListableBeanFactory@fb6097b: defining beans [userController,employeeDAOImpl,employeeServiceImpl,org.springframework.context.annotation.internalConfigurationAnnotationProcessor,org.springframework.context.annotation.internalAutowiredAnnotationProcessor,org.springframework.context.annotation.internalRequiredAnnotationProcessor,org.springframework.context.annotation.internalCommonAnnotationProcessor,org.springframework.context.annotation.internalPersistenceAnnotationProcessor,org.springframework.context.support.PropertySourcesPlaceholderConfigurer#0,mvcContentNegotiationManager,org.springframework.web.servlet.mvc.method.annotation.RequestMappingHandlerMapping#0,org.springframework.format.support.FormattingConversionServiceFactoryBean#0,org.springframework.web.servlet.mvc.method.annotation.RequestMappingHandlerAdapter#0,mvcUriComponentsContributor,org.springframework.web.servlet.handler.MappedInterceptor#0,org.springframework.web.servlet.mvc.method.annotation.ExceptionHandlerExceptionResolver#0,org.springframework.web.servlet.mvc.annotation.ResponseStatusExceptionResolver#0,org.springframework.web.servlet.mvc.support.DefaultHandlerExceptionResolver#0,org.springframework.web.servlet.handler.BeanNameUrlHandlerMapping,org.springframework.web.servlet.mvc.HttpRequestHandlerAdapter,org.springframework.web.servlet.mvc.SimpleControllerHandlerAdapter,mvcResourceUrlProvider,org.springframework.web.servlet.handler.MappedInterceptor#1,org.springframework.web.servlet.resource.ResourceHttpRequestHandler#0,mvcPathMatcher,mvcUrlPathHelper,org.springframework.web.servlet.handler.SimpleUrlHandlerMapping#0,org.springframework.web.servlet.view.InternalResourceViewResolver#0,dataSource,sessionFactory,transactionManager,org.springframework.aop.config.internalAutoProxyCreator,org.springframework.transaction.annotation.AnnotationTransactionAttributeSource#0,org.springframework.transaction.interceptor.TransactionInterceptor#0,org.springframework.transaction.config.internalTransactionAdvisor,org.springframework.context.annotation.ConfigurationClassPostProcessor.importAwareProcessor,org.springframework.context.annotation.ConfigurationClassPostProcessor.enhancedConfigurationProcessor]; root of factory hierarchy
16-08-2017 16:41:19 ERROR ContextLoader:331 - Context initialization failed
org.springframework.beans.factory.BeanCreationException: Error creating bean with name 'userController': Injection of autowired dependencies failed; nested exception is org.springframework.beans.factory.BeanCreationException: Could not autowire field: private com.jwt.service.UserService com.jwt.controller.UserController.userService; nested exception is org.springframework.beans.factory.NoSuchBeanDefinitionException: No qualifying bean of type [com.jwt.service.UserService] found for dependency: expected at least 1 bean which qualifies as autowire candidate for this dependency. Dependency annotations: {@org.springframework.beans.factory.annotation.Autowired(required=true)}
	at org.springframework.beans.factory.annotation.AutowiredAnnotationBeanPostProcessor.postProcessPropertyValues(AutowiredAnnotationBeanPostProcessor.java:334)
	at org.springframework.beans.factory.support.AbstractAutowireCapableBeanFactory.populateBean(AbstractAutowireCapableBeanFactory.java:1202)
	at org.springframework.beans.factory.support.AbstractAutowireCapableBeanFactory.doCreateBean(AbstractAutowireCapableBeanFactory.java:537)
	at org.springframework.beans.factory.support.AbstractAutowireCapableBeanFactory.createBean(AbstractAutowireCapableBeanFactory.java:476)
	at org.springframework.beans.factory.support.AbstractBeanFactory$1.getObject(AbstractBeanFactory.java:303)
	at org.springframework.beans.factory.support.DefaultSingletonBeanRegistry.getSingleton(DefaultSingletonBeanRegistry.java:230)
	at org.springframework.beans.factory.support.AbstractBeanFactory.doGetBean(AbstractBeanFactory.java:299)
	at org.springframework.beans.factory.support.AbstractBeanFactory.getBean(AbstractBeanFactory.java:194)
	at org.springframework.beans.factory.support.DefaultListableBeanFactory.preInstantiateSingletons(DefaultListableBeanFactory.java:755)
	at org.springframework.context.support.AbstractApplicationContext.finishBeanFactoryInitialization(AbstractApplicationContext.java:757)
	at org.springframework.context.support.AbstractApplicationContext.refresh(AbstractApplicationContext.java:480)
	at org.springframework.web.context.ContextLoader.configureAndRefreshWebApplicationContext(ContextLoader.java:403)
	at org.springframework.web.context.ContextLoader.initWebApplicationContext(ContextLoader.java:306)
	at org.springframework.web.context.ContextLoaderListener.contextInitialized(ContextLoaderListener.java:106)
	at org.eclipse.jetty.server.handler.ContextHandler.callContextInitialized(ContextHandler.java:799)
	at org.eclipse.jetty.servlet.ServletContextHandler.callContextInitialized(ServletContextHandler.java:444)
	at org.eclipse.jetty.server.handler.ContextHandler.startContext(ContextHandler.java:790)
	at org.eclipse.jetty.servlet.ServletContextHandler.startContext(ServletContextHandler.java:294)
	at org.eclipse.jetty.webapp.WebAppContext.startWebapp(WebAppContext.java:1341)
	at org.eclipse.jetty.maven.plugin.JettyWebAppContext.startWebapp(JettyWebAppContext.java:296)
	at org.eclipse.jetty.webapp.WebAppContext.startContext(WebAppContext.java:1334)
	at org.eclipse.jetty.server.handler.ContextHandler.doStart(ContextHandler.java:742)
	at org.eclipse.jetty.webapp.WebAppContext.doStart(WebAppContext.java:497)
	at org.eclipse.jetty.maven.plugin.JettyWebAppContext.doStart(JettyWebAppContext.java:365)
	at org.eclipse.jetty.util.component.AbstractLifeCycle.start(AbstractLifeCycle.java:68)
	at org.eclipse.jetty.util.component.ContainerLifeCycle.start(ContainerLifeCycle.java:132)
	at org.eclipse.jetty.util.component.ContainerLifeCycle.doStart(ContainerLifeCycle.java:114)
	at org.eclipse.jetty.server.handler.AbstractHandler.doStart(AbstractHandler.java:61)
	at org.eclipse.jetty.server.handler.ContextHandlerCollection.doStart(ContextHandlerCollection.java:163)
	at org.eclipse.jetty.util.component.AbstractLifeCycle.start(AbstractLifeCycle.java:68)
	at org.eclipse.jetty.util.component.ContainerLifeCycle.start(ContainerLifeCycle.java:132)
	at org.eclipse.jetty.util.component.ContainerLifeCycle.doStart(ContainerLifeCycle.java:114)
	at org.eclipse.jetty.server.handler.AbstractHandler.doStart(AbstractHandler.java:61)
	at org.eclipse.jetty.util.component.AbstractLifeCycle.start(AbstractLifeCycle.java:68)
	at org.eclipse.jetty.util.component.ContainerLifeCycle.start(ContainerLifeCycle.java:132)
	at org.eclipse.jetty.server.Server.start(Server.java:388)
	at org.eclipse.jetty.util.component.ContainerLifeCycle.doStart(ContainerLifeCycle.java:114)
	at org.eclipse.jetty.server.handler.AbstractHandler.doStart(AbstractHandler.java:61)
	at org.eclipse.jetty.server.Server.doStart(Server.java:355)
	at org.eclipse.jetty.maven.plugin.JettyServer.doStart(JettyServer.java:73)
	at org.eclipse.jetty.util.component.AbstractLifeCycle.start(AbstractLifeCycle.java:68)
	at org.eclipse.jetty.maven.plugin.AbstractJettyMojo.startJetty(AbstractJettyMojo.java:534)
	at org.eclipse.jetty.maven.plugin.AbstractJettyMojo.execute(AbstractJettyMojo.java:357)
	at org.eclipse.jetty.maven.plugin.JettyRunMojo.execute(JettyRunMojo.java:167)
	at org.apache.maven.plugin.DefaultBuildPluginManager.executeMojo(DefaultBuildPluginManager.java:134)
	at org.apache.maven.lifecycle.internal.MojoExecutor.execute(MojoExecutor.java:207)
	at org.apache.maven.lifecycle.internal.MojoExecutor.execute(MojoExecutor.java:153)
	at org.apache.maven.lifecycle.internal.MojoExecutor.execute(MojoExecutor.java:145)
	at org.apache.maven.lifecycle.internal.LifecycleModuleBuilder.buildProject(LifecycleModuleBuilder.java:116)
	at org.apache.maven.lifecycle.internal.LifecycleModuleBuilder.buildProject(LifecycleModuleBuilder.java:80)
	at org.apache.maven.lifecycle.internal.builder.singlethreaded.SingleThreadedBuilder.build(SingleThreadedBuilder.java:51)
	at org.apache.maven.lifecycle.internal.LifecycleStarter.execute(LifecycleStarter.java:128)
	at org.apache.maven.DefaultMaven.doExecute(DefaultMaven.java:307)
	at org.apache.maven.DefaultMaven.doExecute(DefaultMaven.java:193)
	at org.apache.maven.DefaultMaven.execute(DefaultMaven.java:106)
	at org.apache.maven.cli.MavenCli.execute(MavenCli.java:863)
	at org.apache.maven.cli.MavenCli.doMain(MavenCli.java:288)
	at org.apache.maven.cli.MavenCli.main(MavenCli.java:199)
	at sun.reflect.NativeMethodAccessorImpl.invoke0(Native Method)
	at sun.reflect.NativeMethodAccessorImpl.invoke(NativeMethodAccessorImpl.java:62)
	at sun.reflect.DelegatingMethodAccessorImpl.invoke(DelegatingMethodAccessorImpl.java:43)
	at java.lang.reflect.Method.invoke(Method.java:498)
	at org.codehaus.plexus.classworlds.launcher.Launcher.launchEnhanced(Launcher.java:289)
	at org.codehaus.plexus.classworlds.launcher.Launcher.launch(Launcher.java:229)
	at org.codehaus.plexus.classworlds.launcher.Launcher.mainWithExitCode(Launcher.java:415)
	at org.codehaus.plexus.classworlds.launcher.Launcher.main(Launcher.java:356)
Caused by: org.springframework.beans.factory.BeanCreationException: Could not autowire field: private com.jwt.service.UserService com.jwt.controller.UserController.userService; nested exception is org.springframework.beans.factory.NoSuchBeanDefinitionException: No qualifying bean of type [com.jwt.service.UserService] found for dependency: expected at least 1 bean which qualifies as autowire candidate for this dependency. Dependency annotations: {@org.springframework.beans.factory.annotation.Autowired(required=true)}
	at org.springframework.beans.factory.annotation.AutowiredAnnotationBeanPostProcessor$AutowiredFieldElement.inject(AutowiredAnnotationBeanPostProcessor.java:561)
	at org.springframework.beans.factory.annotation.InjectionMetadata.inject(InjectionMetadata.java:88)
	at org.springframework.beans.factory.annotation.AutowiredAnnotationBeanPostProcessor.postProcessPropertyValues(AutowiredAnnotationBeanPostProcessor.java:331)
	... 65 more
Caused by: org.springframework.beans.factory.NoSuchBeanDefinitionException: No qualifying bean of type [com.jwt.service.UserService] found for dependency: expected at least 1 bean which qualifies as autowire candidate for this dependency. Dependency annotations: {@org.springframework.beans.factory.annotation.Autowired(required=true)}
	at org.springframework.beans.factory.support.DefaultListableBeanFactory.raiseNoSuchBeanDefinitionException(DefaultListableBeanFactory.java:1301)
	at org.springframework.beans.factory.support.DefaultListableBeanFactory.doResolveDependency(DefaultListableBeanFactory.java:1047)
	at org.springframework.beans.factory.support.DefaultListableBeanFactory.resolveDependency(DefaultListableBeanFactory.java:942)
	at org.springframework.beans.factory.annotation.AutowiredAnnotationBeanPostProcessor$AutowiredFieldElement.inject(AutowiredAnnotationBeanPostProcessor.java:533)
	... 67 more
